{
  "stats": {
    "suites": 1,
    "tests": 4,
    "passes": 4,
    "pending": 0,
    "failures": 0,
    "start": "2022-02-10T21:01:16.517Z",
    "end": "2022-02-10T21:01:18.034Z",
    "duration": 1517,
    "testsRegistered": 4,
    "passPercent": 100,
    "pendingPercent": 0,
    "other": 0,
    "hasOther": false,
    "skipped": 0,
    "hasSkipped": false
  },
  "results": [
    {
      "uuid": "1b32b2a5-eecd-4c8e-9d8c-3d1a1dc20446",
      "title": "",
      "fullFile": "cypress/integration/Task-01/test-API.spec.js",
      "file": "cypress/integration/Task-01/test-API.spec.js",
      "beforeHooks": [],
      "afterHooks": [],
      "tests": [],
      "suites": [
        {
          "uuid": "f2dca0b5-6d99-40db-9e16-59140ac99b51",
          "title": "Task 1 - API: Test Case",
          "fullFile": "",
          "file": "",
          "beforeHooks": [],
          "afterHooks": [],
          "tests": [
            {
              "title": "Get all dog breeds. (Diagram 1)",
              "fullTitle": "Task 1 - API: Test Case Get all dog breeds. (Diagram 1)",
              "timedOut": null,
              "duration": 464,
              "state": "passed",
              "speed": "fast",
              "pass": true,
              "fail": false,
              "pending": false,
              "context": null,
              "code": "cy.request({\n  method: 'GET',\n  url: 'https://dog.ceo/api/breeds/list/all'\n}).then(res => {\n  expect(res.status).to.eq(200);\n  expect(res).to.have.property('headers');\n  expect(res).to.have.property('duration');\n  cy.writeFile('cypress/fixtures/dogBreed.json', res.body); //Write the response to a file \n});",
              "err": {},
              "uuid": "65229284-7fa1-4064-b6fc-fa9828737140",
              "parentUUID": "f2dca0b5-6d99-40db-9e16-59140ac99b51",
              "isHook": false,
              "skipped": false
            },
            {
              "title": "Verify “retriever” breed is within the list. (Diagram 2)",
              "fullTitle": "Task 1 - API: Test Case Verify “retriever” breed is within the list. (Diagram 2)",
              "timedOut": null,
              "duration": 199,
              "state": "passed",
              "speed": "fast",
              "pass": true,
              "fail": false,
              "pending": false,
              "context": null,
              "code": "cy.request({\n  method: 'GET',\n  url: 'https://dog.ceo/api/breeds/list/all'\n}).then(res => {\n  expect(res.status).to.eq(200);\n  expect(res.body).to.not.be.null;\n  expect(res.body.message).to.not.be.null;\n  expect(res.body.message).to.have.property('retriever');\n});",
              "err": {},
              "uuid": "d685f75b-3465-4ef6-ac84-c594f8ed206b",
              "parentUUID": "f2dca0b5-6d99-40db-9e16-59140ac99b51",
              "isHook": false,
              "skipped": false
            },
            {
              "title": "Perform an API request to produce a list of sub-breeds for “retriever”. (Diagram 3)",
              "fullTitle": "Task 1 - API: Test Case Perform an API request to produce a list of sub-breeds for “retriever”. (Diagram 3)",
              "timedOut": null,
              "duration": 198,
              "state": "passed",
              "speed": "fast",
              "pass": true,
              "fail": false,
              "pending": false,
              "context": null,
              "code": "cy.request({\n  method: 'GET',\n  url: 'https://dog.ceo/api/breed/retriever/list'\n}).then(res => {\n  expect(res.status).to.eq(200);\n  expect(res.body).to.not.be.null;\n  cy.writeFile('cypress/fixtures/retriever.json', res.body); //Write the response to a file \n});",
              "err": {},
              "uuid": "5d3010de-9fe1-466a-ae49-f237f4ad4e63",
              "parentUUID": "f2dca0b5-6d99-40db-9e16-59140ac99b51",
              "isHook": false,
              "skipped": false
            },
            {
              "title": "Perform an API request to produce a random image / link for the sub-breed “golden” (Diagram 4)",
              "fullTitle": "Task 1 - API: Test Case Perform an API request to produce a random image / link for the sub-breed “golden” (Diagram 4)",
              "timedOut": null,
              "duration": 630,
              "state": "passed",
              "speed": "fast",
              "pass": true,
              "fail": false,
              "pending": false,
              "context": null,
              "code": "cy.request({\n  method: 'GET',\n  url: 'https://dog.ceo/api/breed/retriever/golden/images/random/'\n}).then(res => {\n  expect(res.status).to.eq(200);\n  expect(res.body).to.not.be.null;\n  cy.writeFile('cypress/fixtures/randomImage.json', res.body); //Write the response to a file \n});",
              "err": {},
              "uuid": "1c72d2e4-b083-4125-b288-2acfa716f4d8",
              "parentUUID": "f2dca0b5-6d99-40db-9e16-59140ac99b51",
              "isHook": false,
              "skipped": false
            }
          ],
          "suites": [],
          "passes": [
            "65229284-7fa1-4064-b6fc-fa9828737140",
            "d685f75b-3465-4ef6-ac84-c594f8ed206b",
            "5d3010de-9fe1-466a-ae49-f237f4ad4e63",
            "1c72d2e4-b083-4125-b288-2acfa716f4d8"
          ],
          "failures": [],
          "pending": [],
          "skipped": [],
          "duration": 1491,
          "root": false,
          "rootEmpty": false,
          "_timeout": 2000
        }
      ],
      "passes": [],
      "failures": [],
      "pending": [],
      "skipped": [],
      "duration": 0,
      "root": true,
      "rootEmpty": true,
      "_timeout": 2000
    }
  ],
  "meta": {
    "mocha": {
      "version": "7.0.1"
    },
    "mochawesome": {
      "options": {
        "quiet": false,
        "reportFilename": "mochawesome",
        "saveHtml": false,
        "saveJson": true,
        "consoleReporter": "spec",
        "useInlineDiffs": false,
        "code": true
      },
      "version": "7.0.1"
    },
    "marge": {
      "options": {
        "reportDir": "cypress/results",
        "overwrite": false,
        "html": false,
        "json": true
      },
      "version": "6.0.1"
    }
  }
}