{
  "stats": {
    "suites": 1,
    "tests": 4,
    "passes": 4,
    "pending": 0,
    "failures": 0,
    "start": "2022-02-10T21:18:25.037Z",
    "end": "2022-02-10T21:18:26.499Z",
    "duration": 1462,
    "testsRegistered": 4,
    "passPercent": 100,
    "pendingPercent": 0,
    "other": 0,
    "hasOther": false,
    "skipped": 0,
    "hasSkipped": false
  },
  "results": [
    {
      "uuid": "913fdaea-0083-4135-ae53-2ff9c809c642",
      "title": "",
      "fullFile": "cypress/integration/Task-01/test-API.spec.js",
      "file": "cypress/integration/Task-01/test-API.spec.js",
      "beforeHooks": [],
      "afterHooks": [],
      "tests": [],
      "suites": [
        {
          "uuid": "65f08bd0-1e8e-450f-8720-39d63aaed869",
          "title": "Task 1 - API: Test Case",
          "fullFile": "",
          "file": "",
          "beforeHooks": [],
          "afterHooks": [],
          "tests": [
            {
              "title": "Get all dog breeds. (Diagram 1)",
              "fullTitle": "Task 1 - API: Test Case Get all dog breeds. (Diagram 1)",
              "timedOut": null,
              "duration": 580,
              "state": "passed",
              "speed": "fast",
              "pass": true,
              "fail": false,
              "pending": false,
              "context": null,
              "code": "cy.request({\n  method: 'GET',\n  url: 'https://dog.ceo/api/breeds/list/all'\n}).then(res => {\n  expect(res.status).to.eq(200);\n  expect(res).to.have.property('headers');\n  expect(res).to.have.property('duration');\n  cy.writeFile('cypress/fixtures/dogBreed.json', res.body); //Write the response to a file \n});",
              "err": {},
              "uuid": "06da886d-9c38-48db-b0d8-57b907246c96",
              "parentUUID": "65f08bd0-1e8e-450f-8720-39d63aaed869",
              "isHook": false,
              "skipped": false
            },
            {
              "title": "Verify “retriever” breed is within the list. (Diagram 2)",
              "fullTitle": "Task 1 - API: Test Case Verify “retriever” breed is within the list. (Diagram 2)",
              "timedOut": null,
              "duration": 198,
              "state": "passed",
              "speed": "fast",
              "pass": true,
              "fail": false,
              "pending": false,
              "context": null,
              "code": "cy.request({\n  method: 'GET',\n  url: 'https://dog.ceo/api/breeds/list/all'\n}).then(res => {\n  expect(res.status).to.eq(200);\n  expect(res.body).to.not.be.null;\n  expect(res.body.message).to.not.be.null;\n  expect(res.body.message).to.have.property('retriever');\n});",
              "err": {},
              "uuid": "9c14fe93-642a-49fa-915c-e24f76aaca2a",
              "parentUUID": "65f08bd0-1e8e-450f-8720-39d63aaed869",
              "isHook": false,
              "skipped": false
            },
            {
              "title": "Perform an API request to produce a list of sub-breeds for “retriever”. (Diagram 3)",
              "fullTitle": "Task 1 - API: Test Case Perform an API request to produce a list of sub-breeds for “retriever”. (Diagram 3)",
              "timedOut": null,
              "duration": 195,
              "state": "passed",
              "speed": "fast",
              "pass": true,
              "fail": false,
              "pending": false,
              "context": null,
              "code": "cy.request({\n  method: 'GET',\n  url: 'https://dog.ceo/api/breed/retriever/list'\n}).then(res => {\n  expect(res.status).to.eq(200);\n  expect(res.body).to.not.be.null;\n  cy.writeFile('cypress/fixtures/retriever.json', res.body); //Write the response to a file \n});",
              "err": {},
              "uuid": "d9d92358-84de-4264-bebe-51283e407951",
              "parentUUID": "65f08bd0-1e8e-450f-8720-39d63aaed869",
              "isHook": false,
              "skipped": false
            },
            {
              "title": "Perform an API request to produce a random image / link for the sub-breed “golden” (Diagram 4)",
              "fullTitle": "Task 1 - API: Test Case Perform an API request to produce a random image / link for the sub-breed “golden” (Diagram 4)",
              "timedOut": null,
              "duration": 462,
              "state": "passed",
              "speed": "fast",
              "pass": true,
              "fail": false,
              "pending": false,
              "context": null,
              "code": "cy.request({\n  method: 'GET',\n  url: 'https://dog.ceo/api/breed/retriever/golden/images/random/'\n}).then(res => {\n  expect(res.status).to.eq(200);\n  expect(res.body).to.not.be.null;\n  cy.writeFile('cypress/fixtures/randomImage.json', res.body); //Write the response to a file \n});",
              "err": {},
              "uuid": "813ef61d-7b95-4209-a362-2a6979738ffd",
              "parentUUID": "65f08bd0-1e8e-450f-8720-39d63aaed869",
              "isHook": false,
              "skipped": false
            }
          ],
          "suites": [],
          "passes": [
            "06da886d-9c38-48db-b0d8-57b907246c96",
            "9c14fe93-642a-49fa-915c-e24f76aaca2a",
            "d9d92358-84de-4264-bebe-51283e407951",
            "813ef61d-7b95-4209-a362-2a6979738ffd"
          ],
          "failures": [],
          "pending": [],
          "skipped": [],
          "duration": 1435,
          "root": false,
          "rootEmpty": false,
          "_timeout": 2000
        }
      ],
      "passes": [],
      "failures": [],
      "pending": [],
      "skipped": [],
      "duration": 0,
      "root": true,
      "rootEmpty": true,
      "_timeout": 2000
    }
  ],
  "meta": {
    "mocha": {
      "version": "7.0.1"
    },
    "mochawesome": {
      "options": {
        "quiet": false,
        "reportFilename": "mochawesome",
        "saveHtml": true,
        "saveJson": true,
        "consoleReporter": "spec",
        "useInlineDiffs": false,
        "code": true
      },
      "version": "7.0.1"
    },
    "marge": {
      "options": {
        "reportDir": "cypress/results",
        "overwrite": false,
        "html": true,
        "json": true
      },
      "version": "6.0.1"
    }
  }
}