{
  "stats": {
    "suites": 1,
    "tests": 3,
    "passes": 3,
    "pending": 0,
    "failures": 0,
    "start": "2022-02-10T21:01:20.637Z",
    "end": "2022-02-10T21:01:35.224Z",
    "duration": 14587,
    "testsRegistered": 3,
    "passPercent": 100,
    "pendingPercent": 0,
    "other": 0,
    "hasOther": false,
    "skipped": 0,
    "hasSkipped": false
  },
  "results": [
    {
      "uuid": "30ae35d0-c451-41f1-904e-b5a27b85f5b2",
      "title": "",
      "fullFile": "cypress/integration/Task-02/test-Web.spec.js",
      "file": "cypress/integration/Task-02/test-Web.spec.js",
      "beforeHooks": [],
      "afterHooks": [],
      "tests": [],
      "suites": [
        {
          "uuid": "ec4c15c5-e8ad-475e-abf5-508c1ebd6be2",
          "title": "Task 2 - Web: Test",
          "fullFile": "",
          "file": "",
          "beforeHooks": [],
          "afterHooks": [],
          "tests": [
            {
              "title": "Table Validations:",
              "fullTitle": "Task 2 - Web: Test Table Validations:",
              "timedOut": null,
              "duration": 2850,
              "state": "passed",
              "speed": "fast",
              "pass": true,
              "fail": false,
              "pending": false,
              "context": null,
              "code": "// Validate that you are on the User List Table\ncy.url().should('eq', 'https://www.way2automation.com/angularjs-protractor/webtables/'); //Validate Webtables URL\ncy.get(':nth-child(1) > .header-content').should(\"contain\", \"First Name\"); //First Name column header assertion\ncy.get(':nth-child(2) > .header-content').should(\"contain\", \"Last Name\"); //Last Name column header assertion\ncy.get(':nth-child(3) > .header-content').should(\"contain\", \"User Name\"); //User Name column header assertion\ncy.get(':nth-child(5) > .header-content').should(\"contain\", \"Customer\"); //Customer Type column header assertion\ncy.get(':nth-child(6) > .header-content').should(\"contain\", \"Role\"); //Role column header assertion\ncy.get(':nth-child(7) > .header-content').should(\"contain\", \"E-mail\"); //E-Mail column header assertion\ncy.get(':nth-child(8) > .header-content').should(\"contain\", \"Cell Phone\"); //Cell Phone column header assertion\ncy.get(':nth-child(9) > .header-content').should(\"contain\", \"Locked\"); //Locked Status column header assertion",
              "err": {},
              "uuid": "cf1ba38f-b8f3-4104-84b0-f876eeb6e0a1",
              "parentUUID": "ec4c15c5-e8ad-475e-abf5-508c1ebd6be2",
              "isHook": false,
              "skipped": false
            },
            {
              "title": "User Validations:",
              "fullTitle": "Task 2 - Web: Test User Validations:",
              "timedOut": null,
              "duration": 5172,
              "state": "passed",
              "speed": "medium",
              "pass": true,
              "fail": false,
              "pending": false,
              "context": null,
              "code": "// Enter User 1 details\ncy.get('thead > :nth-child(2) > td > .btn').click();\ncy.get(':nth-child(1) > :nth-child(2) > .ng-pristine').clear().type(testData.firstName1);\ncy.get('tbody > :nth-child(2) > :nth-child(2) > .ng-pristine').clear().type(testData.lastName1);\ncy.get(':nth-child(3) > :nth-child(2) > .ng-pristine').clear().type(testData.userName1);\ncy.get('tbody > :nth-child(4) > :nth-child(2) > .ng-pristine').clear().type(testData.password1);\ncy.get(':nth-child(5) > :nth-child(2) > :nth-child(1)').click(); //Select Customer Type\ncy.get(':nth-child(6) > :nth-child(2) > .ng-pristine').select(testData.roleAdmin); //Choose Role\ncy.get(':nth-child(7) > :nth-child(2) > .ng-pristine').clear().type(testData.email1);\ncy.get(':nth-child(8) > :nth-child(2) > .ng-pristine').clear().type(testData.cellPhone1);\ncy.get('.btn-success').click(); // Add same user twice to show User Name validations\ncy.get('thead > :nth-child(2) > td > .btn').click();\ncy.get(':nth-child(1) > :nth-child(2) > .ng-pristine').clear().type(testData.firstName1);\ncy.get('tbody > :nth-child(2) > :nth-child(2) > .ng-pristine').clear().type(testData.lastName1);\ncy.get(':nth-child(3) > :nth-child(2) > .ng-pristine').clear().type(testData.userName1);\ncy.get('tbody > :nth-child(4) > :nth-child(2) > .ng-pristine').clear().type(testData.password1);\ncy.get(':nth-child(5) > :nth-child(2) > :nth-child(1)').click(); //Select Customer Type\ncy.get(':nth-child(6) > :nth-child(2) > .ng-pristine').select(testData.roleAdmin); //Choose Role\ncy.get(':nth-child(7) > :nth-child(2) > .ng-pristine').clear().type(testData.email1);\ncy.get(':nth-child(8) > :nth-child(2) > .ng-pristine').clear().type(testData.cellPhone1);\ncy.get('.btn-success').click();",
              "err": {},
              "uuid": "09e8c8df-c9f0-4191-a785-5fd259d2e728",
              "parentUUID": "ec4c15c5-e8ad-475e-abf5-508c1ebd6be2",
              "isHook": false,
              "skipped": false
            },
            {
              "title": "Add User:",
              "fullTitle": "Task 2 - Web: Test Add User:",
              "timedOut": null,
              "duration": 6438,
              "state": "passed",
              "speed": "medium",
              "pass": true,
              "fail": false,
              "pending": false,
              "context": null,
              "code": "// Validate that users can successfully click on \"Add User\"\ncy.get('thead > :nth-child(2) > td > .btn').click(); //Click on Add User\ncy.get('thead > :nth-child(2) > td > .btn').should(\"contain\", \"Add User\"); //Add User pop-up assertion\n// Enter User 1 details\ncy.get(':nth-child(1) > :nth-child(2) > .ng-pristine').clear().type(testData.firstName1);\ncy.get('tbody > :nth-child(2) > :nth-child(2) > .ng-pristine').clear().type(testData.lastName1);\ncy.get(':nth-child(3) > :nth-child(2) > .ng-pristine').clear().type(testData.userName1);\ncy.get('tbody > :nth-child(4) > :nth-child(2) > .ng-pristine').clear().type(testData.password1);\ncy.get(':nth-child(5) > :nth-child(2) > :nth-child(1)').click(); //Select Customer Type\ncy.get(':nth-child(6) > :nth-child(2) > .ng-pristine').select(testData.roleAdmin); //Choose Role\ncy.get(':nth-child(7) > :nth-child(2) > .ng-pristine').clear().type(testData.email1);\ncy.get(':nth-child(8) > :nth-child(2) > .ng-pristine').clear().type(testData.cellPhone1);\ncy.get('.btn-success').click(); // Enter User 2 details\ncy.get('thead > :nth-child(2) > td > .btn').click(); //Click on add user to add User2\ncy.get(':nth-child(1) > :nth-child(2) > .ng-pristine').clear().type(testData.firstName2);\ncy.get('tbody > :nth-child(2) > :nth-child(2) > .ng-pristine').clear().type(testData.lastName2);\ncy.get(':nth-child(3) > :nth-child(2) > .ng-pristine').clear().type(testData.userName2);\ncy.get('tbody > :nth-child(4) > :nth-child(2) > .ng-pristine').clear().type(testData.password2);\ncy.get(':nth-child(5) > :nth-child(2) > :nth-child(2)').click(); //Select Customer Type\ncy.get(':nth-child(6) > :nth-child(2) > .ng-pristine').select(testData.roleCustomer); //Choose Role\ncy.get(':nth-child(7) > :nth-child(2) > .ng-pristine').clear().type(testData.email2);\ncy.get(':nth-child(8) > :nth-child(2) > .ng-pristine').clear().type(testData.cellPhone2);\ncy.get('.btn-success').click(); // Confirm that users are added\ncy.get('tbody > :nth-child(2) > :nth-child(1)').should(\"contain\", testData.firstName1);\ncy.get('tbody > :nth-child(1) > :nth-child(1)').should(\"contain\", testData.firstName2);\ncy.get('tbody > :nth-child(2) > :nth-child(3)').should(\"contain\", testData.userName1);\ncy.get('tbody > :nth-child(1) > :nth-child(3)').should(\"contain\", testData.userName2);",
              "err": {},
              "uuid": "de3a844c-ca30-4632-ad85-4147dd1e76b2",
              "parentUUID": "ec4c15c5-e8ad-475e-abf5-508c1ebd6be2",
              "isHook": false,
              "skipped": false
            }
          ],
          "suites": [],
          "passes": [
            "cf1ba38f-b8f3-4104-84b0-f876eeb6e0a1",
            "09e8c8df-c9f0-4191-a785-5fd259d2e728",
            "de3a844c-ca30-4632-ad85-4147dd1e76b2"
          ],
          "failures": [],
          "pending": [],
          "skipped": [],
          "duration": 14460,
          "root": false,
          "rootEmpty": false,
          "_timeout": 2000
        }
      ],
      "passes": [],
      "failures": [],
      "pending": [],
      "skipped": [],
      "duration": 0,
      "root": true,
      "rootEmpty": true,
      "_timeout": 2000
    }
  ],
  "meta": {
    "mocha": {
      "version": "7.0.1"
    },
    "mochawesome": {
      "options": {
        "quiet": false,
        "reportFilename": "mochawesome",
        "saveHtml": false,
        "saveJson": true,
        "consoleReporter": "spec",
        "useInlineDiffs": false,
        "code": true
      },
      "version": "7.0.1"
    },
    "marge": {
      "options": {
        "reportDir": "cypress/results",
        "overwrite": false,
        "html": false,
        "json": true
      },
      "version": "6.0.1"
    }
  }
}