{
  "stats": {
    "suites": 1,
    "tests": 3,
    "passes": 3,
    "pending": 0,
    "failures": 0,
    "start": "2022-02-10T20:55:48.671Z",
    "end": "2022-02-10T20:56:01.271Z",
    "duration": 12600,
    "testsRegistered": 3,
    "passPercent": 100,
    "pendingPercent": 0,
    "other": 0,
    "hasOther": false,
    "skipped": 0,
    "hasSkipped": false
  },
  "results": [
    {
      "uuid": "25e30984-6fad-4129-981d-a525f63768d3",
      "title": "",
      "fullFile": "cypress/integration/Task-02/test-Web.spec.js",
      "file": "cypress/integration/Task-02/test-Web.spec.js",
      "beforeHooks": [],
      "afterHooks": [],
      "tests": [],
      "suites": [
        {
          "uuid": "b5fce010-f2b3-4c6a-b0c1-014ebf65d93d",
          "title": "Task 2 - Web: Test",
          "fullFile": "",
          "file": "",
          "beforeHooks": [],
          "afterHooks": [],
          "tests": [
            {
              "title": "Table Validations:",
              "fullTitle": "Task 2 - Web: Test Table Validations:",
              "timedOut": null,
              "duration": 2600,
              "state": "passed",
              "speed": "fast",
              "pass": true,
              "fail": false,
              "pending": false,
              "context": null,
              "code": "// Validate that you are on the User List Table\ncy.url().should('eq', 'https://www.way2automation.com/angularjs-protractor/webtables/'); //Validate Webtables URL\ncy.get(':nth-child(1) > .header-content').should(\"contain\", \"First Name\"); //First Name column header assertion\ncy.get(':nth-child(2) > .header-content').should(\"contain\", \"Last Name\"); //Last Name column header assertion\ncy.get(':nth-child(3) > .header-content').should(\"contain\", \"User Name\"); //User Name column header assertion\ncy.get(':nth-child(5) > .header-content').should(\"contain\", \"Customer\"); //Customer Type column header assertion\ncy.get(':nth-child(6) > .header-content').should(\"contain\", \"Role\"); //Role column header assertion\ncy.get(':nth-child(7) > .header-content').should(\"contain\", \"E-mail\"); //E-Mail column header assertion\ncy.get(':nth-child(8) > .header-content').should(\"contain\", \"Cell Phone\"); //Cell Phone column header assertion\ncy.get(':nth-child(9) > .header-content').should(\"contain\", \"Locked\"); //Locked Status column header assertion",
              "err": {},
              "uuid": "d2e6250d-8b15-4e83-a964-379f10540f2c",
              "parentUUID": "b5fce010-f2b3-4c6a-b0c1-014ebf65d93d",
              "isHook": false,
              "skipped": false
            },
            {
              "title": "User Validations:",
              "fullTitle": "Task 2 - Web: Test User Validations:",
              "timedOut": null,
              "duration": 4881,
              "state": "passed",
              "speed": "fast",
              "pass": true,
              "fail": false,
              "pending": false,
              "context": null,
              "code": "// Enter User 1 details\ncy.get('thead > :nth-child(2) > td > .btn').click();\ncy.get(':nth-child(1) > :nth-child(2) > .ng-pristine').clear().type(testData.firstName1);\ncy.get('tbody > :nth-child(2) > :nth-child(2) > .ng-pristine').clear().type(testData.lastName1);\ncy.get(':nth-child(3) > :nth-child(2) > .ng-pristine').clear().type(testData.userName1);\ncy.get('tbody > :nth-child(4) > :nth-child(2) > .ng-pristine').clear().type(testData.password1);\ncy.get(':nth-child(5) > :nth-child(2) > :nth-child(1)').click(); //Select Customer Type\ncy.get(':nth-child(6) > :nth-child(2) > .ng-pristine').select(testData.roleAdmin); //Choose Role\ncy.get(':nth-child(7) > :nth-child(2) > .ng-pristine').clear().type(testData.email1);\ncy.get(':nth-child(8) > :nth-child(2) > .ng-pristine').clear().type(testData.cellPhone1);\ncy.get('.btn-success').click(); // Add same user twice to show User Name validations\ncy.get('thead > :nth-child(2) > td > .btn').click();\ncy.get(':nth-child(1) > :nth-child(2) > .ng-pristine').clear().type(testData.firstName1);\ncy.get('tbody > :nth-child(2) > :nth-child(2) > .ng-pristine').clear().type(testData.lastName1);\ncy.get(':nth-child(3) > :nth-child(2) > .ng-pristine').clear().type(testData.userName1);\ncy.get('tbody > :nth-child(4) > :nth-child(2) > .ng-pristine').clear().type(testData.password1);\ncy.get(':nth-child(5) > :nth-child(2) > :nth-child(1)').click(); //Select Customer Type\ncy.get(':nth-child(6) > :nth-child(2) > .ng-pristine').select(testData.roleAdmin); //Choose Role\ncy.get(':nth-child(7) > :nth-child(2) > .ng-pristine').clear().type(testData.email1);\ncy.get(':nth-child(8) > :nth-child(2) > .ng-pristine').clear().type(testData.cellPhone1);\ncy.get('.btn-success').click();",
              "err": {},
              "uuid": "b8c3687c-34fb-4a0e-bfb1-4ae51b3762a8",
              "parentUUID": "b5fce010-f2b3-4c6a-b0c1-014ebf65d93d",
              "isHook": false,
              "skipped": false
            },
            {
              "title": "Add User:",
              "fullTitle": "Task 2 - Web: Test Add User:",
              "timedOut": null,
              "duration": 5067,
              "state": "passed",
              "speed": "medium",
              "pass": true,
              "fail": false,
              "pending": false,
              "context": null,
              "code": "// Validate that users can successfully click on \"Add User\"\ncy.get('thead > :nth-child(2) > td > .btn').click(); //Click on Add User\ncy.get('thead > :nth-child(2) > td > .btn').should(\"contain\", \"Add User\"); //Add User pop-up assertion\n// Enter User 1 details\ncy.get(':nth-child(1) > :nth-child(2) > .ng-pristine').clear().type(testData.firstName1);\ncy.get('tbody > :nth-child(2) > :nth-child(2) > .ng-pristine').clear().type(testData.lastName1);\ncy.get(':nth-child(3) > :nth-child(2) > .ng-pristine').clear().type(testData.userName1);\ncy.get('tbody > :nth-child(4) > :nth-child(2) > .ng-pristine').clear().type(testData.password1);\ncy.get(':nth-child(5) > :nth-child(2) > :nth-child(1)').click(); //Select Customer Type\ncy.get(':nth-child(6) > :nth-child(2) > .ng-pristine').select(testData.roleAdmin); //Choose Role\ncy.get(':nth-child(7) > :nth-child(2) > .ng-pristine').clear().type(testData.email1);\ncy.get(':nth-child(8) > :nth-child(2) > .ng-pristine').clear().type(testData.cellPhone1);\ncy.get('.btn-success').click(); // Enter User 2 details\ncy.get('thead > :nth-child(2) > td > .btn').click(); //Click on add user to add User2\ncy.get(':nth-child(1) > :nth-child(2) > .ng-pristine').clear().type(testData.firstName2);\ncy.get('tbody > :nth-child(2) > :nth-child(2) > .ng-pristine').clear().type(testData.lastName2);\ncy.get(':nth-child(3) > :nth-child(2) > .ng-pristine').clear().type(testData.userName2);\ncy.get('tbody > :nth-child(4) > :nth-child(2) > .ng-pristine').clear().type(testData.password2);\ncy.get(':nth-child(5) > :nth-child(2) > :nth-child(2)').click(); //Select Customer Type\ncy.get(':nth-child(6) > :nth-child(2) > .ng-pristine').select(testData.roleCustomer); //Choose Role\ncy.get(':nth-child(7) > :nth-child(2) > .ng-pristine').clear().type(testData.email2);\ncy.get(':nth-child(8) > :nth-child(2) > .ng-pristine').clear().type(testData.cellPhone2);\ncy.get('.btn-success').click(); // Confirm that users are added\ncy.get('tbody > :nth-child(2) > :nth-child(1)').should(\"contain\", testData.firstName1);\ncy.get('tbody > :nth-child(1) > :nth-child(1)').should(\"contain\", testData.firstName2);\ncy.get('tbody > :nth-child(2) > :nth-child(3)').should(\"contain\", testData.userName1);\ncy.get('tbody > :nth-child(1) > :nth-child(3)').should(\"contain\", testData.userName2);",
              "err": {},
              "uuid": "466d4ffb-828f-43ae-90da-d2d48d5dbad6",
              "parentUUID": "b5fce010-f2b3-4c6a-b0c1-014ebf65d93d",
              "isHook": false,
              "skipped": false
            }
          ],
          "suites": [],
          "passes": [
            "d2e6250d-8b15-4e83-a964-379f10540f2c",
            "b8c3687c-34fb-4a0e-bfb1-4ae51b3762a8",
            "466d4ffb-828f-43ae-90da-d2d48d5dbad6"
          ],
          "failures": [],
          "pending": [],
          "skipped": [],
          "duration": 12548,
          "root": false,
          "rootEmpty": false,
          "_timeout": 2000
        }
      ],
      "passes": [],
      "failures": [],
      "pending": [],
      "skipped": [],
      "duration": 0,
      "root": true,
      "rootEmpty": true,
      "_timeout": 2000
    }
  ],
  "meta": {
    "mocha": {
      "version": "7.0.1"
    },
    "mochawesome": {
      "options": {
        "quiet": false,
        "reportFilename": "mochawesome",
        "saveHtml": true,
        "saveJson": true,
        "consoleReporter": "spec",
        "useInlineDiffs": false,
        "code": true
      },
      "version": "7.0.1"
    },
    "marge": {
      "options": null,
      "version": "6.0.1"
    }
  }
}